<?xml version="1.0" encoding="UTF-8"?>
<testsuite name="NodeContainerTest" tests="2" skipped="0" failures="0" errors="0" timestamp="2015-09-08T21:08:40" hostname="Dmitriys-MacBook-Pro.local" time="0.001">
  <properties/>
  <testcase name="testGetName" classname="NodeContainerTest" time="0.001"/>
  <testcase name="testSetName" classname="NodeContainerTest" time="0.0"/>
  <system-out><![CDATA[]]></system-out>
  <system-err><![CDATA[]]></system-err>
</testsuite>
