<?xml version="1.0" encoding="UTF-8"?>
<testsuite name="NodeTest" tests="5" skipped="0" failures="0" errors="0" timestamp="2015-09-10T08:09:01" hostname="Dmitriys-MacBook-Pro.local" time="0.003">
  <properties/>
  <testcase name="testGetValue" classname="NodeTest" time="0.002"/>
  <testcase name="testAddChildren" classname="NodeTest" time="0.0"/>
  <testcase name="testSetParent" classname="NodeTest" time="0.001"/>
  <testcase name="testGetParent" classname="NodeTest" time="0.0"/>
  <testcase name="testSetValue" classname="NodeTest" time="0.0"/>
  <system-out><![CDATA[]]></system-out>
  <system-err><![CDATA[]]></system-err>
</testsuite>
