<?xml version="1.0" encoding="UTF-8"?>
<testsuite name="SerializerTest" tests="1" skipped="0" failures="0" errors="0" timestamp="2015-09-10T08:09:01" hostname="Dmitriys-MacBook-Pro.local" time="0.0">
  <properties/>
  <testcase name="testDeserialize" classname="SerializerTest" time="0.0"/>
  <system-out><![CDATA[]]></system-out>
  <system-err><![CDATA[]]></system-err>
</testsuite>
